[2026-07-05T03:51:33.471Z] [error] ErrorUtils caught an error:

Minified React error #418; visit https://react.dev/errors/418?args[]=HTML&args[]= for the full message or use the non-minified dev environment for full errors and additional helpful warnings.

Subsequent non-fatal errors won't be logged; see https://fburl.com/debugjs. {column: 28994, clientTime: 1783223493, componentStackFrames: Array(53), extra: Object, guardList: Array(1)}
[2026-07-05T03:51:33.516Z] [log] 
%cStop! font-family:helvetica; font-size:20px; font-size:50px; font-weight:bold; color:red; -webkit-text-stroke:1px black;
[2026-07-05T03:51:33.516Z] [log] 
%cThis is a browser feature intended for developers. If someone told you to copy-paste something here to enable a Threads feature or "hack" someone's account, it is a scam and will give them access to your Threads account. font-family:helvetica; font-size:20px; 
[2026-07-05T03:51:33.516Z] [log] 
%cSee https://www.facebook.com/selfxss for more information. font-family:helvetica; font-size:20px; 
[2026-07-05T03:51:33.516Z] [log] 
%c 
[2026-07-05T03:51:37.541Z] [warning] The resource https://scontent-gmp1-1.cdninstagram.com/v/t51.82787-19/730809262_17931800634299839_266030344884383516_n.jpg?stp=dst-jpg_s150x150_tt6&efg=eyJ2ZW5jb2RlX3RhZyI6InByb2ZpbGVfcGljLmRqYW5nby40MDQuYzIifQ&_nc_ht=scontent-gmp1-1.cdninstagram.com&_nc_cat=107&_nc_oc=Q6cZ2gE6-bz9O3Q4pKmcMiaExSv0nTHrlTc1CaWwdoOPrnzqZobWa9WE94vm9RCl6ZMB37U&_nc_ohc=2P-xVDCDTgoQ7kNvwGahbjn&_nc_gid=wKEm-WsXZoJ_l0a7UtYf2A&edm=APs17CUBAAAA&ccb=7-5&oh=00_AQCEuduUnVlGVjIAdywUpw02jePWsWYfftQyyMtCfiX_Gg&oe=6A4FB0C1&_nc_sid=10d13b was preloaded using link preload but not used within a few seconds from the window's load event. Please make sure it has an appropriate `as` value and it is preloaded intentionally.
[2026-07-05T03:51:45.534Z] [warning] The resource https://scontent-gmp1-1.cdninstagram.com/v/t51.82787-19/730809262_17931800634299839_266030344884383516_n.jpg?stp=dst-jpg_s150x150_tt6&efg=eyJ2ZW5jb2RlX3RhZyI6InByb2ZpbGVfcGljLmRqYW5nby40MDQuYzIifQ&_nc_ht=scontent-gmp1-1.cdninstagram.com&_nc_cat=107&_nc_oc=Q6cZ2gE6-bz9O3Q4pKmcMiaExSv0nTHrlTc1CaWwdoOPrnzqZobWa9WE94vm9RCl6ZMB37U&_nc_ohc=2P-xVDCDTgoQ7kNvwGahbjn&_nc_gid=wKEm-WsXZoJ_l0a7UtYf2A&edm=APs17CUBAAAA&ccb=7-5&oh=00_AQCEuduUnVlGVjIAdywUpw02jePWsWYfftQyyMtCfiX_Gg&oe=6A4FB0C1&_nc_sid=10d13b was preloaded using link preload but not used within a few seconds from the window's load event. Please make sure it has an appropriate `as` value and it is preloaded intentionally.
[2026-07-05T03:51:57.987Z] [log] 
%cStop! font-family:helvetica; font-size:20px; font-size:50px; font-weight:bold; color:red; -webkit-text-stroke:1px black;
[2026-07-05T03:51:57.987Z] [log] 
%cThis is a browser feature intended for developers. If someone told you to copy-paste something here to enable a Threads feature or "hack" someone's account, it is a scam and will give them access to your Threads account. font-family:helvetica; font-size:20px; 
[2026-07-05T03:51:57.987Z] [log] 
%cSee https://www.facebook.com/selfxss for more information. font-family:helvetica; font-size:20px; 
[2026-07-05T03:51:57.987Z] [log] 
%c 
